mode: set
golang-practice/pkg/todoservice/dto.go:22.51,25.16 2 1
golang-practice/pkg/todoservice/dto.go:25.16,27.3 1 1
golang-practice/pkg/todoservice/dto.go:29.2,37.22 2 1
golang-practice/pkg/todoservice/dto.go:40.44,51.2 3 1
golang-practice/pkg/todoservice/errors.go:5.44,7.2 1 0
golang-practice/pkg/todoservice/errors.go:9.40,11.2 1 0
golang-practice/pkg/todoservice/todoService.go:23.24,32.2 4 0
golang-practice/pkg/todoservice/todoService.go:34.86,44.18 3 0
golang-practice/pkg/todoservice/todoService.go:44.18,46.3 1 0
golang-practice/pkg/todoservice/todoService.go:48.2,48.29 1 0
golang-practice/pkg/todoservice/todoService.go:51.72,55.18 2 0
golang-practice/pkg/todoservice/todoService.go:55.18,57.3 1 0
golang-practice/pkg/todoservice/todoService.go:59.2,59.21 1 0
golang-practice/pkg/todoservice/todoService.go:59.21,61.3 1 0
golang-practice/pkg/todoservice/todoService.go:63.2,63.29 1 0
golang-practice/pkg/todoservice/todoService.go:66.65,70.18 2 0
golang-practice/pkg/todoservice/todoService.go:70.18,72.3 1 0
golang-practice/pkg/todoservice/todoService.go:74.2,76.40 2 0
golang-practice/pkg/todoservice/todoService.go:76.40,78.3 1 0
golang-practice/pkg/todoservice/todoService.go:80.2,80.22 1 0
golang-practice/pkg/server/server.go:10.54,16.29 4 1
golang-practice/pkg/server/server.go:16.29,19.3 2 0
golang-practice/pkg/server/server.go:21.2,25.15 4 1
golang-practice/pkg/todoservice/internal/domain/entities/todo/status.go:13.37,14.11 1 1
golang-practice/pkg/todoservice/internal/domain/entities/todo/status.go:15.12,16.16 1 1
golang-practice/pkg/todoservice/internal/domain/entities/todo/status.go:18.18,19.22 1 1
golang-practice/pkg/todoservice/internal/domain/entities/todo/status.go:21.12,22.16 1 1
golang-practice/pkg/todoservice/internal/domain/entities/todo/status.go:24.17,25.21 1 1
golang-practice/pkg/todoservice/internal/domain/entities/todo/status.go:28.2,28.18 1 1
golang-practice/pkg/todoservice/internal/domain/entities/todo/status.go:31.59,33.22 1 1
golang-practice/pkg/todoservice/internal/domain/entities/todo/status.go:34.14,35.14 1 1
golang-practice/pkg/todoservice/internal/domain/entities/todo/status.go:37.20,38.20 1 1
golang-practice/pkg/todoservice/internal/domain/entities/todo/status.go:40.14,41.14 1 1
golang-practice/pkg/todoservice/internal/domain/entities/todo/status.go:43.19,44.19 1 1
golang-practice/pkg/todoservice/internal/domain/entities/todo/status.go:47.2,47.16 1 1
golang-practice/pkg/todoservice/internal/domain/entities/todo/todo.go:23.38,31.2 1 1
golang-practice/pkg/todoservice/internal/domain/entities/todo/todo.go:33.47,43.2 2 1
golang-practice/pkg/todoservice/internal/domain/entities/todo/todo.go:45.41,53.2 1 0
